<?xml version="1.0" encoding="UTF-8"?>
<testsuite name="TestSuite" time="80.052" tests="11" errors="0" skipped="0" failures="1">
  <properties>
[...]
</properties>
  <testcase name="verifyLandingPage" classname="QlearlyFeatures" time="0.205"/>
  <testcase name="verifyAccountCreation" classname="QlearlyFeatures" time="14.703"/>
  <testcase name="verifyBoardCanBeShared" classname="QlearlyFeatures" time="16.397">
    <failure message="org.openqa.selenium.WebDriverException" type="java.lang.NoClassDefFoundError">java.lang.NoClassDefFoundError: org.openqa.selenium.WebDriverException
	at java.lang.Class.getDeclaredConstructors0(Native Method)
	at java.lang.Class.privateGetDeclaredConstructors(Class.java:2671)
	at java.lang.Class.getConstructor0(Class.java:3075)
	at java.lang.Class.getConstructor(Class.java:1825)
	at org.openqa.selenium.remote.codec.w3c.W3CHttpResponseCodec.createException(W3CHttpResponseCodec.java:195)
	at org.openqa.selenium.remote.codec.w3c.W3CHttpResponseCodec.decode(W3CHttpResponseCodec.java:129)
	at org.openqa.selenium.remote.codec.w3c.W3CHttpResponseCodec.decode(W3CHttpResponseCodec.java:53)
	at org.openqa.selenium.remote.HttpCommandExecutor.execute(HttpCommandExecutor.java:160)
	at org.openqa.selenium.remote.service.DriverCommandExecutor.execute(DriverCommandExecutor.java:83)
	at org.openqa.selenium.remote.RemoteWebDriver.execute(RemoteWebDriver.java:582)
	at org.openqa.selenium.remote.RemoteWebDriver.findElement(RemoteWebDriver.java:333)
	at org.openqa.selenium.remote.RemoteWebDriver.findElementByXPath(RemoteWebDriver.java:451)
	at org.openqa.selenium.By$ByXPath.findElement(By.java:394)
	at org.openqa.selenium.remote.RemoteWebDriver.findElement(RemoteWebDriver.java:325)
	at POM.QlearlyPage.navigateToBoard(QlearlyPage.java:179)
	at QlearlyFeatures.verifyBoardCanBeShared(QlearlyFeatures.java:53)
</failure>
    <system-err><![CDATA[Starting ChromeDriver 87.0.4280.88 (89e2380a3e36c3464b5dd1302349b1382549290d-refs/branch-heads/4280@{#1761}) on port 20548
Only local connections are allowed.
Please see https://chromedriver.chromium.org/security-considerations for suggestions on keeping ChromeDriver safe.
ChromeDriver was started successfully.
Jan 01, 2021 9:22:31 AM org.openqa.selenium.remote.ProtocolHandshake createSession
INFO: Detected dialect: W3C
java.lang.NullPointerException
	at Utilities.ListenerTest.takeScreenShot(ListenerTest.java:64)
	at Utilities.ListenerTest.onTestFailure(ListenerTest.java:51)
	at org.testng.internal.TestListenerHelper.runTestListeners(TestListenerHelper.java:66)
	at org.testng.internal.TestInvoker.runTestResultListener(TestInvoker.java:219)
	at org.testng.internal.TestInvoker.invokeMethod(TestInvoker.java:651)
	at org.testng.internal.TestInvoker.invokeTestMethod(TestInvoker.java:173)
	at org.testng.internal.MethodRunner.runInSequence(MethodRunner.java:46)
	at org.testng.internal.TestInvoker$MethodInvocationAgent.invoke(TestInvoker.java:816)
	at org.testng.internal.TestInvoker.invokeTestMethods(TestInvoker.java:146)
	at org.testng.internal.TestMethodWorker.invokeTestMethods(TestMethodWorker.java:146)
	at org.testng.internal.TestMethodWorker.run(TestMethodWorker.java:128)
	at java.util.concurrent.ThreadPoolExecutor.runWorker(ThreadPoolExecutor.java:1149)
	at java.util.concurrent.ThreadPoolExecutor$Worker.run(ThreadPoolExecutor.java:624)
	at java.lang.Thread.run(Thread.java:748)
]]></system-err>
  </testcase>
  <testcase name="verifyAddingFolder" classname="QlearlyFeatures" time="0.225"/>
  <testcase name="verifyMultipleFoldersCanBeAddedWithDuplicateNames" classname="QlearlyFeatures" time="0.41"/>
  <testcase name="verifyBoardCreation" classname="QlearlyFeatures" time="0.47"/>
  <testcase name="verifyMultipleBoardCreation" classname="QlearlyFeatures" time="1.034"/>
  <testcase name="verifyEditDuplicateAndDetailsOfBoard" classname="QlearlyFeatures" time="0.795"/>
  <testcase name="verifyColumnCreation" classname="QlearlyFeatures" time="7.327"/>
  <testcase name="verifyMultipleBookMarks" classname="QlearlyFeatures" time="14.215"/>
  <testcase name="verifyOtherOptionsInBookMarks" classname="QlearlyFeatures" time="24.271"/>
</testsuite>