<?xml version="1.0" encoding="UTF-8"?>
<!-- Generated by org.testng.reporters.JUnitReportReporter -->
<testsuite skipped="0" hostname="cb-vinayak.local" name="BirthdaySurprise" tests="2" failures="0" timestamp="2020-07-04T11:05:46 IST" time="69.146" errors="0">
  <testcase name="willTheSurpriseWork" time="27.049" classname="BirthdaySurprise"/>
  <system-out>
Logged in to ClearTrip.com Flight booked for: 18/07/2020From: Bangalore, IN - Kempegowda International Airport (BLR) to Hyderabad, IN - Rajiv Gandhi International (HYD) Travellers 1 Adult + 1 Child Booking Non-Stop Flight with the lowest price₹ 11,288 Booked!!! Enjoy surprising your wife - Raj:) Expense Report is at ../resources/HybdExpenses_files/sheet001.html  </system-out>
  <testcase name="surpriseEndsHappily" time="42.097" classname="BirthdaySurprise"/>
  <system-out>
Logged in to ClearTrip.com Flight booked for: 19/07/2020From: Hyderabad, IN - Rajiv Gandhi International (HYD) to Bangalore, IN - Kempegowda International Airport (BLR) Travellers 2 Adult(s) Booking Non-Stop Flight with the lowest price11518 Enjoy returning back to your native Expense Report is at ../resources/HybdExpenses_files/sheet002.html  </system-out>
</testsuite> <!-- BirthdaySurprise -->
