<?xml version="1.0" encoding="UTF-8"?>
<!-- Generated by org.testng.reporters.JUnitXMLReporter -->
<testsuite hostname="CBIT01458.local" ignored="0" tests="11" failures="1" timestamp="2021-01-01T09:24:27 IST" time="136.3" errors="0">
  <testcase name="verifyLandingPage" time="0.203" classname="QlearlyFeatures"/>
  <testcase name="verifyAccountCreation" time="14.704" classname="QlearlyFeatures"/>
  <testcase name="verifyBoardCanBeShared" time="16.39" classname="QlearlyFeatures">
    <failure type="java.lang.NoClassDefFoundError" message="org.openqa.selenium.WebDriverException">
      <![CDATA[java.lang.NoClassDefFoundError: org.openqa.selenium.WebDriverException
at java.lang.Class.getDeclaredConstructors0(Native Method)
at java.lang.Class.privateGetDeclaredConstructors(Class.java:2671)
at java.lang.Class.getConstructor0(Class.java:3075)
at java.lang.Class.getConstructor(Class.java:1825)
at org.openqa.selenium.remote.codec.w3c.W3CHttpResponseCodec.createException(W3CHttpResponseCodec.java:195)
at org.openqa.selenium.remote.codec.w3c.W3CHttpResponseCodec.decode(W3CHttpResponseCodec.java:129)
at org.openqa.selenium.remote.codec.w3c.W3CHttpResponseCodec.decode(W3CHttpResponseCodec.java:53)
at org.openqa.selenium.remote.HttpCommandExecutor.execute(HttpCommandExecutor.java:160)
at org.openqa.selenium.remote.service.DriverCommandExecutor.execute(DriverCommandExecutor.java:83)
at org.openqa.selenium.remote.RemoteWebDriver.execute(RemoteWebDriver.java:582)
at org.openqa.selenium.remote.RemoteWebDriver.findElement(RemoteWebDriver.java:333)
at org.openqa.selenium.remote.RemoteWebDriver.findElementByXPath(RemoteWebDriver.java:451)
at org.openqa.selenium.By$ByXPath.findElement(By.java:394)
at org.openqa.selenium.remote.RemoteWebDriver.findElement(RemoteWebDriver.java:325)
at POM.QlearlyPage.navigateToBoard(QlearlyPage.java:179)
at QlearlyFeatures.verifyBoardCanBeShared(QlearlyFeatures.java:53)
at sun.reflect.NativeMethodAccessorImpl.invoke0(Native Method)
at sun.reflect.NativeMethodAccessorImpl.invoke(NativeMethodAccessorImpl.java:62)
at sun.reflect.DelegatingMethodAccessorImpl.invoke(DelegatingMethodAccessorImpl.java:43)
at java.lang.reflect.Method.invoke(Method.java:498)
at org.testng.internal.MethodInvocationHelper.invokeMethod(MethodInvocationHelper.java:134)
at org.testng.internal.TestInvoker.invokeMethod(TestInvoker.java:597)
at org.testng.internal.TestInvoker.invokeTestMethod(TestInvoker.java:173)
at org.testng.internal.MethodRunner.runInSequence(MethodRunner.java:46)
at org.testng.internal.TestInvoker$MethodInvocationAgent.invoke(TestInvoker.java:816)
at org.testng.internal.TestInvoker.invokeTestMethods(TestInvoker.java:146)
at org.testng.internal.TestMethodWorker.invokeTestMethods(TestMethodWorker.java:146)
at org.testng.internal.TestMethodWorker.run(TestMethodWorker.java:128)
at java.util.concurrent.ThreadPoolExecutor.runWorker(ThreadPoolExecutor.java:1149)
at java.util.concurrent.ThreadPoolExecutor$Worker.run(ThreadPoolExecutor.java:624)
at java.lang.Thread.run(Thread.java:748)
]]>
    </failure>
  </testcase> <!-- verifyBoardCanBeShared -->
  <testcase name="verifyAddingFolder" time="0.225" classname="QlearlyFeatures"/>
  <testcase name="verifyMultipleFoldersCanBeAddedWithDuplicateNames" time="0.409" classname="QlearlyFeatures"/>
  <testcase name="verifyBoardCreation" time="0.47" classname="QlearlyFeatures"/>
  <testcase name="verifyMultipleBoardCreation" time="1.034" classname="QlearlyFeatures"/>
  <testcase name="verifyEditDuplicateAndDetailsOfBoard" time="0.796" classname="QlearlyFeatures"/>
  <testcase name="verifyColumnCreation" time="7.326" classname="QlearlyFeatures"/>
  <testcase name="verifyMultipleBookMarks" time="14.215" classname="QlearlyFeatures"/>
  <testcase name="verifyOtherOptionsInBookMarks" time="24.271" classname="QlearlyFeatures"/>
</testsuite>
